Using pre-set license
Built from '2020.3/staging' branch; Version is '2020.3.25f1 (9b9180224418) revision 10195328'; Using compiler version '192528614'; Build Type 'Release'
OS: 'Windows 11  (10.0.22000) 64bit Professional' Language: 'en' Physical Memory: 49067 MB
BatchMode: 1, IsHumanControllingUs: 0, StartBugReporterOnCrash: 0, Is64bit: 1, IsPro: 0

COMMAND LINE ARGUMENTS:
C:\Program Files\Unity\Hub\Editor\2020.3.25f1\Editor\Unity.exe
-adb2
-batchMode
-noUpm
-name
AssetImportWorker0
-projectPath
C:/Users/etjar/Documents/GitHub/miniature-enigma/My project
-logFile
Logs/AssetImportWorker0.log
-srvPort
54746
Successfully changed project path to: C:/Users/etjar/Documents/GitHub/miniature-enigma/My project
C:/Users/etjar/Documents/GitHub/miniature-enigma/My project
Using Asset Import Pipeline V2.
Refreshing native plugins compatible for Editor in 80.84 ms, found 2 plugins.
Preloading 0 native plugins for Editor in 0.00 ms.
Initialize engine version: 2020.3.25f1 (9b9180224418)
[Subsystems] Discovering subsystems at path C:/Program Files/Unity/Hub/Editor/2020.3.25f1/Editor/Data/Resources/UnitySubsystems
[Subsystems] Discovering subsystems at path C:/Users/etjar/Documents/GitHub/miniature-enigma/My project/Assets
GfxDevice: creating device client; threaded=0
Direct3D:
    Version:  Direct3D 11.0 [level 11.1]
    Renderer: NVIDIA GeForce RTX 3080 (ID=0x2216)
    Vendor:   
    VRAM:     10078 MB
    Driver:   30.0.14.9649
Initialize mono
Mono path[0] = 'C:/Program Files/Unity/Hub/Editor/2020.3.25f1/Editor/Data/Managed'
Mono path[1] = 'C:/Program Files/Unity/Hub/Editor/2020.3.25f1/Editor/Data/MonoBleedingEdge/lib/mono/unityjit'
Mono config path = 'C:/Program Files/Unity/Hub/Editor/2020.3.25f1/Editor/Data/MonoBleedingEdge/etc'
Using monoOptions --debugger-agent=transport=dt_socket,embedding=1,server=y,suspend=n,address=127.0.0.1:56448
Begin MonoManager ReloadAssembly
Registering precompiled unity dll's ...
Register platform support module: C:/Program Files/Unity/Hub/Editor/2020.3.25f1/Editor/Data/PlaybackEngines/WebGLSupport/UnityEditor.WebGL.Extensions.dll
Register platform support module: C:/Program Files/Unity/Hub/Editor/2020.3.25f1/Editor/Data/PlaybackEngines/WindowsStandaloneSupport/UnityEditor.WindowsStandalone.Extensions.dll
Registered in 0.001432 seconds.
Native extension for WindowsStandalone target not found
Native extension for WebGL target not found
Refreshing native plugins compatible for Editor in 74.75 ms, found 2 plugins.
Preloading 0 native plugins for Editor in 0.00 ms.
Mono: successfully reloaded assembly
- Completed reload, in  0.408 seconds
Domain Reload Profiling:
	ReloadAssembly (408ms)
		BeginReloadAssembly (34ms)
			ExecutionOrderSort (0ms)
			DisableScriptedObjects (0ms)
			BackupInstance (0ms)
			ReleaseScriptingObjects (0ms)
			CreateAndSetChildDomain (1ms)
		EndReloadAssembly (326ms)
			LoadAssemblies (33ms)
			RebuildTransferFunctionScriptingTraits (0ms)
			SetupTypeCache (84ms)
			ReleaseScriptCaches (0ms)
			RebuildScriptCaches (19ms)
			SetupLoadedEditorAssemblies (157ms)
				LogAssemblyErrors (0ms)
				InitializePlatformSupportModulesInManaged (4ms)
				SetLoadedEditorAssemblies (0ms)
				RefreshPlugins (75ms)
				BeforeProcessingInitializeOnLoad (9ms)
				ProcessInitializeOnLoadAttributes (52ms)
				ProcessInitializeOnLoadMethodAttributes (17ms)
				AfterProcessingInitializeOnLoad (0ms)
				EditorAssembliesLoaded (0ms)
			ExecutionOrderSort2 (0ms)
			AwakeInstancesAfterBackupRestoration (0ms)
Platform modules already initialized, skipping
Registering precompiled user dll's ...
Registered in 0.003623 seconds.
Begin MonoManager ReloadAssembly
Native extension for WindowsStandalone target not found
Native extension for WebGL target not found
Refreshing native plugins compatible for Editor in 1.41 ms, found 2 plugins.
Preloading 0 native plugins for Editor in 0.00 ms.
Mono: successfully reloaded assembly
- Completed reload, in  0.702 seconds
Domain Reload Profiling:
	ReloadAssembly (703ms)
		BeginReloadAssembly (94ms)
			ExecutionOrderSort (0ms)
			DisableScriptedObjects (3ms)
			BackupInstance (0ms)
			ReleaseScriptingObjects (0ms)
			CreateAndSetChildDomain (15ms)
		EndReloadAssembly (568ms)
			LoadAssemblies (63ms)
			RebuildTransferFunctionScriptingTraits (0ms)
			SetupTypeCache (182ms)
			ReleaseScriptCaches (0ms)
			RebuildScriptCaches (31ms)
			SetupLoadedEditorAssemblies (238ms)
				LogAssemblyErrors (0ms)
				InitializePlatformSupportModulesInManaged (4ms)
				SetLoadedEditorAssemblies (0ms)
				RefreshPlugins (1ms)
				BeforeProcessingInitializeOnLoad (66ms)
				ProcessInitializeOnLoadAttributes (155ms)
				ProcessInitializeOnLoadMethodAttributes (6ms)
				AfterProcessingInitializeOnLoad (5ms)
				EditorAssembliesLoaded (0ms)
			ExecutionOrderSort2 (0ms)
			AwakeInstancesAfterBackupRestoration (4ms)
Platform modules already initialized, skipping
========================================================================
Worker process is ready to serve import requests
Launched and connected shader compiler UnityShaderCompiler.exe after 0.03 seconds
Refreshing native plugins compatible for Editor in 2.00 ms, found 2 plugins.
Preloading 0 native plugins for Editor in 0.00 ms.
Unloading 2264 Unused Serialized files (Serialized files now loaded: 0)
System memory in use before: 225.8 MB.
System memory in use after: 224.4 MB.

Unloading 42 unused Assets to reduce memory usage. Loaded Objects now: 2717.
Total: 3.276200 ms (FindLiveObjects: 0.119400 ms CreateObjectMapping: 0.043500 ms MarkObjects: 2.385100 ms  DeleteObjects: 0.727200 ms)

AssetImportParameters requested are different than current active one (requested -> active):
  custom:framework-win-MediaFoundation: 216162199b28c13a410421893ffa2e32 -> 
  custom:video-decoder-ogg-theora: a1e56fd34408186e4bbccfd4996cb3dc -> 
  custom:container-muxer-webm: aa71ff27fc2769a1b78a27578f13a17b -> 
  custom:container-demuxer-webm: 4f35f7cbe854078d1ac9338744f61a02 -> 
  custom:container-demuxer-ogg: 62fdf1f143b41e24485cea50d1cbac27 -> 
  custom:video-encoder-webm-vp8: eb34c28f22e8b96e1ab97ce403110664 -> 
  custom:video-decoder-webm-vp8: 9c59270c3fd7afecdb556c50c9e8de78 -> 
  custom:audio-decoder-ogg-vorbis: bf7c407c2cedff20999df2af8eb42d56 -> 
  custom:audio-encoder-webm-vorbis: bf7c407c2cedff20999df2af8eb42d56 -> 
========================================================================
Received Import Request.
  path: Assets/Scripts/EnemyBehavior/EnemySpawnerService.cs
  artifactKey: Guid(4ddbd0341cb409045bf0ab96c5bb126a) Importer(815301076,1909f56bfc062723c751e8b465ee728b)
Start importing Assets/Scripts/EnemyBehavior/EnemySpawnerService.cs using Guid(4ddbd0341cb409045bf0ab96c5bb126a) Importer(815301076,1909f56bfc062723c751e8b465ee728b)  -> (artifact id: '7b41ab9ff82e364b3e4b5a16f9c60950') in 0.090010 seconds 
  Import took 0.093369 seconds .

========================================================================
Received Import Request.
  Time since last request: 17101.704080 seconds.
  path: Assets/FreelanceAssets/Cabin.fbx
  artifactKey: Guid(74e262ea8c763d24aa6b273e4dbcf532) Importer(815301076,1909f56bfc062723c751e8b465ee728b)
Start importing Assets/FreelanceAssets/Cabin.fbx using Guid(74e262ea8c763d24aa6b273e4dbcf532) Importer(815301076,1909f56bfc062723c751e8b465ee728b)  -> (artifact id: '66bb10c4e2c9e4c14d6f64a156240b71') in 0.156462 seconds 
  Import took 0.160041 seconds .

========================================================================
Received Import Request.
  Time since last request: 0.000132 seconds.
  path: Assets/FreelanceAssets/Tree2.fbx
  artifactKey: Guid(2f01e665fdb300f4e91cc85e3ed18c1e) Importer(815301076,1909f56bfc062723c751e8b465ee728b)
Start importing Assets/FreelanceAssets/Tree2.fbx using Guid(2f01e665fdb300f4e91cc85e3ed18c1e) Importer(815301076,1909f56bfc062723c751e8b465ee728b)  -> (artifact id: 'bf13cf9d949edbacf8d04994d8646576') in 0.024884 seconds 
  Import took 0.027414 seconds .

========================================================================
Received Import Request.
  Time since last request: 0.000161 seconds.
  path: Assets/FreelanceAssets/Campfire.fbx
  artifactKey: Guid(12601d04d32e6ce478405b50fa1b5d8e) Importer(815301076,1909f56bfc062723c751e8b465ee728b)
Start importing Assets/FreelanceAssets/Campfire.fbx using Guid(12601d04d32e6ce478405b50fa1b5d8e) Importer(815301076,1909f56bfc062723c751e8b465ee728b)  -> (artifact id: 'f95aa52ab25ea73e279d0de0309c8bfb') in 0.022606 seconds 
  Import took 0.025350 seconds .

========================================================================
Received Import Request.
  Time since last request: 0.000136 seconds.
  path: Assets/FreelanceAssets/Tree1.fbx
  artifactKey: Guid(1af14844dc9dd3c418a2632c128e3028) Importer(815301076,1909f56bfc062723c751e8b465ee728b)
Start importing Assets/FreelanceAssets/Tree1.fbx using Guid(1af14844dc9dd3c418a2632c128e3028) Importer(815301076,1909f56bfc062723c751e8b465ee728b)  -> (artifact id: '820fb517776b626a53a0b77acfc5cb30') in 0.023862 seconds 
  Import took 0.026867 seconds .

========================================================================
Received Import Request.
  Time since last request: 0.000137 seconds.
  path: Assets/FreelanceAssets/Rock1.fbx
  artifactKey: Guid(ac6fae657910ac5479ec0e0b8c1e317e) Importer(815301076,1909f56bfc062723c751e8b465ee728b)
Start importing Assets/FreelanceAssets/Rock1.fbx using Guid(ac6fae657910ac5479ec0e0b8c1e317e) Importer(815301076,1909f56bfc062723c751e8b465ee728b)  -> (artifact id: '79fea41033f24267f51d9b84b63a7d8e') in 0.029244 seconds 
  Import took 0.032287 seconds .

========================================================================
Received Import Request.
  Time since last request: 0.000117 seconds.
  path: Assets/FreelanceAssets/Boulder.fbx
  artifactKey: Guid(7fdeaf22e767213449dabebc8e8a4ffa) Importer(815301076,1909f56bfc062723c751e8b465ee728b)
Start importing Assets/FreelanceAssets/Boulder.fbx using Guid(7fdeaf22e767213449dabebc8e8a4ffa) Importer(815301076,1909f56bfc062723c751e8b465ee728b)  -> (artifact id: 'b6185dcf6cbd9e33d019fc49f79ca75b') in 0.025289 seconds 
  Import took 0.028192 seconds .

========================================================================
Received Import Request.
  Time since last request: 0.000123 seconds.
  path: Assets/FreelanceAssets/Pumpkin.fbx
  artifactKey: Guid(53dca6134e2d5664d97e53a9c4081005) Importer(815301076,1909f56bfc062723c751e8b465ee728b)
Start importing Assets/FreelanceAssets/Pumpkin.fbx using Guid(53dca6134e2d5664d97e53a9c4081005) Importer(815301076,1909f56bfc062723c751e8b465ee728b)  -> (artifact id: 'ae29e4652a78e8dd435a4adf0e19f958') in 0.023870 seconds 
  Import took 0.026558 seconds .

========================================================================
Received Import Request.
  Time since last request: 0.000126 seconds.
  path: Assets/FreelanceAssets/TreeStump.fbx
  artifactKey: Guid(7eb88940e52a7074c8f13f0eb938964d) Importer(815301076,1909f56bfc062723c751e8b465ee728b)
Start importing Assets/FreelanceAssets/TreeStump.fbx using Guid(7eb88940e52a7074c8f13f0eb938964d) Importer(815301076,1909f56bfc062723c751e8b465ee728b)  -> (artifact id: 'c8c90a76fbe4b30f80b84733774a17f0') in 0.023121 seconds 
  Import took 0.026141 seconds .

========================================================================
Received Import Request.
  Time since last request: 0.000148 seconds.
  path: Assets/FreelanceAssets/LogBenches.fbx
  artifactKey: Guid(dc879dc58647f6949a20a5b09cc3b2a3) Importer(815301076,1909f56bfc062723c751e8b465ee728b)
Start importing Assets/FreelanceAssets/LogBenches.fbx using Guid(dc879dc58647f6949a20a5b09cc3b2a3) Importer(815301076,1909f56bfc062723c751e8b465ee728b)  -> (artifact id: '33063d833e1378db4c302a05aa3fa37f') in 0.031877 seconds 
  Import took 0.034576 seconds .

========================================================================
Received Import Request.
  Time since last request: 31.934108 seconds.
  path: Assets/FreelanceAssets/Leaf.fbx
  artifactKey: Guid(5b21d8cd18a699e43bcb52dec0eda282) Importer(815301076,1909f56bfc062723c751e8b465ee728b)
Start importing Assets/FreelanceAssets/Leaf.fbx using Guid(5b21d8cd18a699e43bcb52dec0eda282) Importer(815301076,1909f56bfc062723c751e8b465ee728b)  -> (artifact id: '74710485f8200617c444e4f6cb62fce4') in 0.046081 seconds 
  Import took 0.049259 seconds .

========================================================================
Received Import Request.
  Time since last request: 0.000128 seconds.
  path: Assets/UIAssets/TextMesh Pro/Examples & Extras/Resources/Fonts & Materials/Roboto-Bold SDF.asset
  artifactKey: Guid(5302535af1044152a457ed104f1f4b91) Importer(815301076,1909f56bfc062723c751e8b465ee728b)
Start importing Assets/UIAssets/TextMesh Pro/Examples & Extras/Resources/Fonts & Materials/Roboto-Bold SDF.asset using Guid(5302535af1044152a457ed104f1f4b91) Importer(815301076,1909f56bfc062723c751e8b465ee728b)  -> (artifact id: 'a1acc404cf5f0e2c5cf4ebe6a71d9674') in 0.077474 seconds 
  Import took 0.080404 seconds .

========================================================================
Received Import Request.
  Time since last request: 0.000123 seconds.
  path: Assets/UIAssets/TextMesh Pro/Examples & Extras/Resources/Fonts & Materials/Roboto-Bold SDF - Surface.mat
  artifactKey: Guid(e6b276ec991f467aa14ef1f3cc665993) Importer(815301076,1909f56bfc062723c751e8b465ee728b)
Start importing Assets/UIAssets/TextMesh Pro/Examples & Extras/Resources/Fonts & Materials/Roboto-Bold SDF - Surface.mat using Guid(e6b276ec991f467aa14ef1f3cc665993) Importer(815301076,1909f56bfc062723c751e8b465ee728b)  -> (artifact id: 'b473d3532bac8111072f2cb19e40b057') in 0.044449 seconds 
  Import took 0.047333 seconds .

========================================================================
Received Import Request.
  Time since last request: 421.562198 seconds.
  path: Assets/LowPolyInterior/Materials/LowPolyInterior_MAIN.mat
  artifactKey: Guid(0054cbb2942940f46a8872a0c6f7e495) Importer(815301076,1909f56bfc062723c751e8b465ee728b)
Start importing Assets/LowPolyInterior/Materials/LowPolyInterior_MAIN.mat using Guid(0054cbb2942940f46a8872a0c6f7e495) Importer(815301076,1909f56bfc062723c751e8b465ee728b)  -> (artifact id: '2878a82ec4773b07d98f2653cd2c560f') in 0.015658 seconds 
  Import took 0.019387 seconds .

========================================================================
Received Import Request.
  Time since last request: 1297.610078 seconds.
  path: Assets/LowPolyInterior/Prefabs/Walls/Unity Package (Unity 2019 HDRP)
  artifactKey: Guid(25524427adc145c4ba5c41bf86fd3ed3) Importer(815301076,1909f56bfc062723c751e8b465ee728b)
Start importing Assets/LowPolyInterior/Prefabs/Walls/Unity Package (Unity 2019 HDRP) using Guid(25524427adc145c4ba5c41bf86fd3ed3) Importer(815301076,1909f56bfc062723c751e8b465ee728b)  -> (artifact id: '7f4201a0adda95f1f2d9358351724dc6') in 0.005861 seconds 
  Import took 0.009437 seconds .

========================================================================
Received Import Request.
  Time since last request: 0.761050 seconds.
  path: Assets/LowPolyInterior/Prefabs/Walls/Unity Package (Unity 2019 HDRP)/www_brainchildart_com - Lowpoly RTS (update2).unitypackage
  artifactKey: Guid(67e7a5b9ca3f42e41a9238009243a750) Importer(815301076,1909f56bfc062723c751e8b465ee728b)
Start importing Assets/LowPolyInterior/Prefabs/Walls/Unity Package (Unity 2019 HDRP)/www_brainchildart_com - Lowpoly RTS (update2).unitypackage using Guid(67e7a5b9ca3f42e41a9238009243a750) Importer(815301076,1909f56bfc062723c751e8b465ee728b)  -> (artifact id: '53bb7e4d1708494ffc82aff4bb15d66e') in 0.007245 seconds 
  Import took 0.010408 seconds .

========================================================================
Received Import Request.
  Time since last request: 64.436459 seconds.
  path: Assets/HDRPDefaultResources/DefaultHDRISky.exr
  artifactKey: Guid(54a3a0570aebe8949bec4966f1376581) Importer(815301076,1909f56bfc062723c751e8b465ee728b)
Start importing Assets/HDRPDefaultResources/DefaultHDRISky.exr using Guid(54a3a0570aebe8949bec4966f1376581) Importer(815301076,1909f56bfc062723c751e8b465ee728b)  -> (artifact id: '16b1efef23a1802e2653d3dc088ff023') in 0.017899 seconds 
  Import took 0.020987 seconds .

========================================================================
Received Import Request.
  Time since last request: 186.866261 seconds.
  path: Assets/Materials/AtlasRTS.mat
  artifactKey: Guid(eaa471eb00ed35445b8681fa1b082ec5) Importer(815301076,1909f56bfc062723c751e8b465ee728b)
Start importing Assets/Materials/AtlasRTS.mat using Guid(eaa471eb00ed35445b8681fa1b082ec5) Importer(815301076,1909f56bfc062723c751e8b465ee728b)  -> (artifact id: '823674615414b4b818d48866f4e1bfed') in 0.011224 seconds 
  Import took 0.014466 seconds .

========================================================================
Received Import Request.
  Time since last request: 0.444182 seconds.
  path: Assets/Model/GoldMine.fbx
  artifactKey: Guid(b96df74f9c043454bb425e6cfe272199) Importer(815301076,1909f56bfc062723c751e8b465ee728b)
Start importing Assets/Model/GoldMine.fbx using Guid(b96df74f9c043454bb425e6cfe272199) Importer(815301076,1909f56bfc062723c751e8b465ee728b)  -> (artifact id: 'dbbba706c32fd733a016be0b4b664950') in 0.028247 seconds 
  Import took 0.031235 seconds .

========================================================================
Received Import Request.
  Time since last request: 0.000150 seconds.
  path: Assets/Model/PineTree_02.fbx
  artifactKey: Guid(38cfd9a4c0d73e244ab4d390ecc67ade) Importer(815301076,1909f56bfc062723c751e8b465ee728b)
Start importing Assets/Model/PineTree_02.fbx using Guid(38cfd9a4c0d73e244ab4d390ecc67ade) Importer(815301076,1909f56bfc062723c751e8b465ee728b)  -> (artifact id: '9119183d68f5765a22542aaba8d176a1') in 0.037980 seconds 
  Import took 0.040808 seconds .

========================================================================
Received Import Request.
  Time since last request: 0.000124 seconds.
  path: Assets/Model/Rock_06.fbx
  artifactKey: Guid(8c14c70e28fd5f3489e20e345a366c19) Importer(815301076,1909f56bfc062723c751e8b465ee728b)
Start importing Assets/Model/Rock_06.fbx using Guid(8c14c70e28fd5f3489e20e345a366c19) Importer(815301076,1909f56bfc062723c751e8b465ee728b)  -> (artifact id: 'e9497e434be28bd99659dfe28ba64ada') in 0.038224 seconds 
  Import took 0.041025 seconds .

========================================================================
Received Import Request.
  Time since last request: 0.000122 seconds.
  path: Assets/Model/Rock_04.fbx
  artifactKey: Guid(5e91ab9f1d477744aa4b9989a27a0150) Importer(815301076,1909f56bfc062723c751e8b465ee728b)
Start importing Assets/Model/Rock_04.fbx using Guid(5e91ab9f1d477744aa4b9989a27a0150) Importer(815301076,1909f56bfc062723c751e8b465ee728b)  -> (artifact id: '33d213971cd6dde219dc4554ed80b8c0') in 0.034738 seconds 
  Import took 0.037882 seconds .

========================================================================
Received Import Request.
  Time since last request: 0.000121 seconds.
  path: Assets/Model/PineTree_01.fbx
  artifactKey: Guid(1d63494110e1d6f429f181736c3e3879) Importer(815301076,1909f56bfc062723c751e8b465ee728b)
Start importing Assets/Model/PineTree_01.fbx using Guid(1d63494110e1d6f429f181736c3e3879) Importer(815301076,1909f56bfc062723c751e8b465ee728b)  -> (artifact id: '353dffc5e9eddb080682ba40de41a624') in 0.033165 seconds 
  Import took 0.036032 seconds .

========================================================================
Received Import Request.
  Time since last request: 0.000116 seconds.
  path: Assets/Model/Well.fbx
  artifactKey: Guid(a7e7b2fb093055a4b96c24da7f945bd6) Importer(815301076,1909f56bfc062723c751e8b465ee728b)
Start importing Assets/Model/Well.fbx using Guid(a7e7b2fb093055a4b96c24da7f945bd6) Importer(815301076,1909f56bfc062723c751e8b465ee728b)  -> (artifact id: '3bebb3a7450b3465c074649db9f1a7d7') in 0.055251 seconds 
  Import took 0.057965 seconds .

========================================================================
Received Import Request.
  Time since last request: 0.000119 seconds.
  path: Assets/Model/Woodcutter.fbx
  artifactKey: Guid(579b562553cd52744ba1127ba8e9b648) Importer(815301076,1909f56bfc062723c751e8b465ee728b)
Start importing Assets/Model/Woodcutter.fbx using Guid(579b562553cd52744ba1127ba8e9b648) Importer(815301076,1909f56bfc062723c751e8b465ee728b)  -> (artifact id: '177f356dbdf85d815c57cbea844a9beb') in 0.034298 seconds 
  Import took 0.036691 seconds .

========================================================================
Received Import Request.
  Time since last request: 0.000112 seconds.
  path: Assets/Model/PineTree_04.fbx
  artifactKey: Guid(d0236366f1044fd448886f357339dfa1) Importer(815301076,1909f56bfc062723c751e8b465ee728b)
Start importing Assets/Model/PineTree_04.fbx using Guid(d0236366f1044fd448886f357339dfa1) Importer(815301076,1909f56bfc062723c751e8b465ee728b)  -> (artifact id: 'a8d5a0e80daf350829547ad1fca6df0e') in 0.029975 seconds 
  Import took 0.032461 seconds .

========================================================================
Received Import Request.
  Time since last request: 0.000106 seconds.
  path: Assets/Model/Rock_03.fbx
  artifactKey: Guid(a2fa0c3f5990c414ebb9dca942c97cad) Importer(815301076,1909f56bfc062723c751e8b465ee728b)
Start importing Assets/Model/Rock_03.fbx using Guid(a2fa0c3f5990c414ebb9dca942c97cad) Importer(815301076,1909f56bfc062723c751e8b465ee728b)  -> (artifact id: 'a4354704933630bfabb4f5365b4bb7ec') in 0.034684 seconds 
  Import took 0.037623 seconds .

========================================================================
Received Import Request.
  Time since last request: 0.000133 seconds.
  path: Assets/Model/PineTree_03.fbx
  artifactKey: Guid(ffc7dc2b1b7eba64197e7c46664136b8) Importer(815301076,1909f56bfc062723c751e8b465ee728b)
Start importing Assets/Model/PineTree_03.fbx using Guid(ffc7dc2b1b7eba64197e7c46664136b8) Importer(815301076,1909f56bfc062723c751e8b465ee728b)  -> (artifact id: 'de69c2cd8d0d8517ec9b58584ee7b7a9') in 0.029273 seconds 
  Import took 0.032204 seconds .

========================================================================
Received Import Request.
  Time since last request: 0.000124 seconds.
  path: Assets/Model/Rock_05.fbx
  artifactKey: Guid(1030a1cc5cf6d9b459fb120e771222e9) Importer(815301076,1909f56bfc062723c751e8b465ee728b)
Start importing Assets/Model/Rock_05.fbx using Guid(1030a1cc5cf6d9b459fb120e771222e9) Importer(815301076,1909f56bfc062723c751e8b465ee728b)  -> (artifact id: '8df326831e54635a00a65a4ca578252d') in 0.033074 seconds 
  Import took 0.035846 seconds .

========================================================================
Received Import Request.
  Time since last request: 0.000114 seconds.
  path: Assets/Model/Tree_Cut_02.fbx
  artifactKey: Guid(8ebf85355733b4f4fa7fa8e915093036) Importer(815301076,1909f56bfc062723c751e8b465ee728b)
Start importing Assets/Model/Tree_Cut_02.fbx using Guid(8ebf85355733b4f4fa7fa8e915093036) Importer(815301076,1909f56bfc062723c751e8b465ee728b)  -> (artifact id: '487b881900a1ebcfbf3cb3e3740ee2a0') in 0.016812 seconds 
  Import took 0.019853 seconds .

========================================================================
Received Import Request.
  Time since last request: 0.000121 seconds.
  path: Assets/Model/House_01.fbx
  artifactKey: Guid(087c471f527e4234f956b715fba8789c) Importer(815301076,1909f56bfc062723c751e8b465ee728b)
Start importing Assets/Model/House_01.fbx using Guid(087c471f527e4234f956b715fba8789c) Importer(815301076,1909f56bfc062723c751e8b465ee728b)  -> (artifact id: '42bc52f2be10dea4eb2d23896de63d4e') in 0.046510 seconds 
  Import took 0.049463 seconds .

========================================================================
Received Import Request.
  Time since last request: 0.000121 seconds.
  path: Assets/Model/Rock_01.fbx
  artifactKey: Guid(48b159521fba2fc419540f44375cff3c) Importer(815301076,1909f56bfc062723c751e8b465ee728b)
Start importing Assets/Model/Rock_01.fbx using Guid(48b159521fba2fc419540f44375cff3c) Importer(815301076,1909f56bfc062723c751e8b465ee728b)  -> (artifact id: '1917e63061e52a14fdb48ed54c7dea8c') in 0.033759 seconds 
  Import took 0.036718 seconds .

========================================================================
Received Import Request.
  Time since last request: 0.000115 seconds.
  path: Assets/Model/Tree_Cut_01.fbx
  artifactKey: Guid(2d60f173fd63df94ca6cc1be5cb7f260) Importer(815301076,1909f56bfc062723c751e8b465ee728b)
Start importing Assets/Model/Tree_Cut_01.fbx using Guid(2d60f173fd63df94ca6cc1be5cb7f260) Importer(815301076,1909f56bfc062723c751e8b465ee728b)  -> (artifact id: 'd1e0749f954b811edccba9e3b145986c') in 0.014092 seconds 
  Import took 0.016395 seconds .

========================================================================
Received Import Request.
  Time since last request: 0.000121 seconds.
  path: Assets/Model/Rock_02.fbx
  artifactKey: Guid(e7b6a9e31b5c70744b04725413c609d5) Importer(815301076,1909f56bfc062723c751e8b465ee728b)
Start importing Assets/Model/Rock_02.fbx using Guid(e7b6a9e31b5c70744b04725413c609d5) Importer(815301076,1909f56bfc062723c751e8b465ee728b)  -> (artifact id: '634be50fd1a72834590815ecc4442adc') in 0.025162 seconds 
  Import took 0.027561 seconds .

========================================================================
Received Import Request.
  Time since last request: 0.000109 seconds.
  path: Assets/Model/Portal.fbx
  artifactKey: Guid(a6cc6cf39103abc4fbe3efbed5143853) Importer(815301076,1909f56bfc062723c751e8b465ee728b)
Start importing Assets/Model/Portal.fbx using Guid(a6cc6cf39103abc4fbe3efbed5143853) Importer(815301076,1909f56bfc062723c751e8b465ee728b)  -> (artifact id: '918ea402ccd6d6b33712c1555f5dc575') in 0.028546 seconds 
  Import took 0.031153 seconds .

========================================================================
Received Import Request.
  Time since last request: 0.000130 seconds.
  path: Assets/Model/Tree_01.fbx
  artifactKey: Guid(f7e7050c6bbc50e498a2b5a8f63de826) Importer(815301076,1909f56bfc062723c751e8b465ee728b)
Start importing Assets/Model/Tree_01.fbx using Guid(f7e7050c6bbc50e498a2b5a8f63de826) Importer(815301076,1909f56bfc062723c751e8b465ee728b)  -> (artifact id: 'fe5402affee88448affc3be679138be7') in 0.033346 seconds 
  Import took 0.036054 seconds .

========================================================================
Received Import Request.
  Time since last request: 0.000119 seconds.
  path: Assets/Model/Rock_07.fbx
  artifactKey: Guid(4547be91665cada40a8d9f671da0953b) Importer(815301076,1909f56bfc062723c751e8b465ee728b)
Start importing Assets/Model/Rock_07.fbx using Guid(4547be91665cada40a8d9f671da0953b) Importer(815301076,1909f56bfc062723c751e8b465ee728b)  -> (artifact id: '28c9ecb1c048c4fd8bd7d88fd7b21384') in 0.023517 seconds 
  Import took 0.026098 seconds .

========================================================================
Received Import Request.
  Time since last request: 3.736719 seconds.
  path: Assets/Prefabs/CamRig.prefab
  artifactKey: Guid(ce6f536e3f6ebf74fb33ae8340cbcaeb) Importer(815301076,1909f56bfc062723c751e8b465ee728b)
Start importing Assets/Prefabs/CamRig.prefab using Guid(ce6f536e3f6ebf74fb33ae8340cbcaeb) Importer(815301076,1909f56bfc062723c751e8b465ee728b)  -> (artifact id: 'fc8a4d783402d2c00aec8fed70d89004') in 0.008978 seconds 
  Import took 0.012187 seconds .

========================================================================
Received Import Request.
  Time since last request: 0.000098 seconds.
  path: Assets/Prefabs/PineTree_02.prefab
  artifactKey: Guid(27c63c3e3dd3c82439232a3a1d501cf1) Importer(815301076,1909f56bfc062723c751e8b465ee728b)
Start importing Assets/Prefabs/PineTree_02.prefab using Guid(27c63c3e3dd3c82439232a3a1d501cf1) Importer(815301076,1909f56bfc062723c751e8b465ee728b)  -> (artifact id: 'a3bcdc3c36d8f9f8e6b18b14ef07306d') in 0.010187 seconds 
  Import took 0.012620 seconds .

========================================================================
Received Import Request.
  Time since last request: 0.000102 seconds.
  path: Assets/Prefabs/Portal.prefab
  artifactKey: Guid(0f76ef1b604d20d4d883e6664bda40b1) Importer(815301076,1909f56bfc062723c751e8b465ee728b)
Start importing Assets/Prefabs/Portal.prefab using Guid(0f76ef1b604d20d4d883e6664bda40b1) Importer(815301076,1909f56bfc062723c751e8b465ee728b)  -> (artifact id: 'a12b139440698cb6972a1e8141ebde7b') in 0.058661 seconds 
  Import took 0.061100 seconds .

========================================================================
Received Import Request.
  Time since last request: 0.000107 seconds.
  path: Assets/Prefabs/Rock_01.prefab
  artifactKey: Guid(140c2393b4dac4048bf25e56bcced5e9) Importer(815301076,1909f56bfc062723c751e8b465ee728b)
Start importing Assets/Prefabs/Rock_01.prefab using Guid(140c2393b4dac4048bf25e56bcced5e9) Importer(815301076,1909f56bfc062723c751e8b465ee728b)  -> (artifact id: '0d29a785a8a19bb68d67afd0b6420449') in 0.014830 seconds 
  Import took 0.017080 seconds .

========================================================================
Received Import Request.
  Time since last request: 0.000106 seconds.
  path: Assets/Prefabs/House_M.prefab
  artifactKey: Guid(9ad6e085bdeb3e7468d9da40656895bd) Importer(815301076,1909f56bfc062723c751e8b465ee728b)
Start importing Assets/Prefabs/House_M.prefab using Guid(9ad6e085bdeb3e7468d9da40656895bd) Importer(815301076,1909f56bfc062723c751e8b465ee728b)  -> (artifact id: '4465a707abc26340fab68e4833ebe07d') in 0.036648 seconds 
  Import took 0.039052 seconds .

========================================================================
Received Import Request.
  Time since last request: 0.000114 seconds.
  path: Assets/Prefabs/Rock_07.prefab
  artifactKey: Guid(14090dc6cc0725c4aafadbb0b40e7b3d) Importer(815301076,1909f56bfc062723c751e8b465ee728b)
Start importing Assets/Prefabs/Rock_07.prefab using Guid(14090dc6cc0725c4aafadbb0b40e7b3d) Importer(815301076,1909f56bfc062723c751e8b465ee728b)  -> (artifact id: 'b454e30abf01002834b06ac121234312') in 0.009966 seconds 
  Import took 0.012559 seconds .

========================================================================
Received Import Request.
  Time since last request: 0.000118 seconds.
  path: Assets/Prefabs/Rock_06.prefab
  artifactKey: Guid(85f093d9f89990b4ba2af24dd1227aaa) Importer(815301076,1909f56bfc062723c751e8b465ee728b)
Start importing Assets/Prefabs/Rock_06.prefab using Guid(85f093d9f89990b4ba2af24dd1227aaa) Importer(815301076,1909f56bfc062723c751e8b465ee728b)  -> (artifact id: '1fd219142e9fd177d9bf40baa43751e4') in 0.050176 seconds 
  Import took 0.052474 seconds .

========================================================================
Received Import Request.
  Time since last request: 0.000113 seconds.
  path: Assets/Prefabs/Rock_04.prefab
  artifactKey: Guid(b8bd60d1a408edb49b8198c541184afe) Importer(815301076,1909f56bfc062723c751e8b465ee728b)
Start importing Assets/Prefabs/Rock_04.prefab using Guid(b8bd60d1a408edb49b8198c541184afe) Importer(815301076,1909f56bfc062723c751e8b465ee728b)  -> (artifact id: 'b88d7ddc626d3d8603441a8c6075ae6a') in 0.009852 seconds 
  Import took 0.012938 seconds .

========================================================================
Received Import Request.
  Time since last request: 0.000113 seconds.
  path: Assets/Prefabs/GoldMine.prefab
  artifactKey: Guid(59cd51510db20fd4194abc2a6a68855d) Importer(815301076,1909f56bfc062723c751e8b465ee728b)
Start importing Assets/Prefabs/GoldMine.prefab using Guid(59cd51510db20fd4194abc2a6a68855d) Importer(815301076,1909f56bfc062723c751e8b465ee728b)  -> (artifact id: 'd252032af1c51e893828d2d7c4e84fdb') in 0.014719 seconds 
  Import took 0.017327 seconds .

========================================================================
Received Import Request.
  Time since last request: 0.000096 seconds.
  path: Assets/Prefabs/Tree_01.prefab
  artifactKey: Guid(3d703a734d955fd4f820f92334c574ea) Importer(815301076,1909f56bfc062723c751e8b465ee728b)
Start importing Assets/Prefabs/Tree_01.prefab using Guid(3d703a734d955fd4f820f92334c574ea) Importer(815301076,1909f56bfc062723c751e8b465ee728b)  -> (artifact id: '8c462f48bd802b85e4c526c91ace0625') in 0.021134 seconds 
  Import took 0.023598 seconds .

========================================================================
Received Import Request.
  Time since last request: 0.000108 seconds.
  path: Assets/Prefabs/PineTree_04.prefab
  artifactKey: Guid(938ef8c8b3b4b1648b9fedd7ef80e923) Importer(815301076,1909f56bfc062723c751e8b465ee728b)
Start importing Assets/Prefabs/PineTree_04.prefab using Guid(938ef8c8b3b4b1648b9fedd7ef80e923) Importer(815301076,1909f56bfc062723c751e8b465ee728b)  -> (artifact id: '0d456dc990316359f8a18f79c11b56b5') in 0.028220 seconds 
  Import took 0.030314 seconds .

========================================================================
Received Import Request.
  Time since last request: 0.000111 seconds.
  path: Assets/Prefabs/PineTree_03.prefab
  artifactKey: Guid(aa5e2f76effbf5c4491172bc80ab3c1d) Importer(815301076,1909f56bfc062723c751e8b465ee728b)
Start importing Assets/Prefabs/PineTree_03.prefab using Guid(aa5e2f76effbf5c4491172bc80ab3c1d) Importer(815301076,1909f56bfc062723c751e8b465ee728b)  -> (artifact id: 'c3c38a1a716c7d70cb24b567c3ac0ffc') in 0.014035 seconds 
  Import took 0.016276 seconds .

========================================================================
Received Import Request.
  Time since last request: 0.000117 seconds.
  path: Assets/Prefabs/Rock_03.prefab
  artifactKey: Guid(7ca8a5d0bedaf5d42997e1f7f4430080) Importer(815301076,1909f56bfc062723c751e8b465ee728b)
Start importing Assets/Prefabs/Rock_03.prefab using Guid(7ca8a5d0bedaf5d42997e1f7f4430080) Importer(815301076,1909f56bfc062723c751e8b465ee728b)  -> (artifact id: '2a480b1db4b56c9d926163a74c5c76ce') in 0.028103 seconds 
  Import took 0.030863 seconds .

========================================================================
Received Import Request.
  Time since last request: 0.000112 seconds.
  path: Assets/Prefabs/Well.prefab
  artifactKey: Guid(1e297c0ec6c0932449fc169b57ad453d) Importer(815301076,1909f56bfc062723c751e8b465ee728b)
Start importing Assets/Prefabs/Well.prefab using Guid(1e297c0ec6c0932449fc169b57ad453d) Importer(815301076,1909f56bfc062723c751e8b465ee728b)  -> (artifact id: '70b8afe818baf4be11873238ca9a64f2') in 0.013849 seconds 
  Import took 0.016410 seconds .

========================================================================
Received Import Request.
  Time since last request: 0.000101 seconds.
  path: Assets/Prefabs/Rock_05.prefab
  artifactKey: Guid(06319fd0eccdf5b4cb141675d2f31c57) Importer(815301076,1909f56bfc062723c751e8b465ee728b)
Start importing Assets/Prefabs/Rock_05.prefab using Guid(06319fd0eccdf5b4cb141675d2f31c57) Importer(815301076,1909f56bfc062723c751e8b465ee728b)  -> (artifact id: '807be783e58fcfc2bcea96ae566db8cd') in 0.007929 seconds 
  Import took 0.010271 seconds .

========================================================================
Received Import Request.
  Time since last request: 0.000102 seconds.
  path: Assets/Prefabs/Woodcutter.prefab
  artifactKey: Guid(a7872be07c3a8a24e9de52974e399324) Importer(815301076,1909f56bfc062723c751e8b465ee728b)
Start importing Assets/Prefabs/Woodcutter.prefab using Guid(a7872be07c3a8a24e9de52974e399324) Importer(815301076,1909f56bfc062723c751e8b465ee728b)  -> (artifact id: 'c3050b43df09b2fb80cfd7a19b747602') in 0.007850 seconds 
  Import took 0.010290 seconds .

========================================================================
Received Import Request.
  Time since last request: 0.000093 seconds.
  path: Assets/Prefabs/PineTree_01.prefab
  artifactKey: Guid(fa929060287a29040a56f9189d9127cb) Importer(815301076,1909f56bfc062723c751e8b465ee728b)
Start importing Assets/Prefabs/PineTree_01.prefab using Guid(fa929060287a29040a56f9189d9127cb) Importer(815301076,1909f56bfc062723c751e8b465ee728b)  -> (artifact id: '12b2e089f291be3b62e209c1f0e4276a') in 0.008818 seconds 
  Import took 0.010868 seconds .

========================================================================
Received Import Request.
  Time since last request: 0.000107 seconds.
  path: Assets/Prefabs/Rock_02.prefab
  artifactKey: Guid(cd7123d542a7f3f429ba006ed42120f5) Importer(815301076,1909f56bfc062723c751e8b465ee728b)
Start importing Assets/Prefabs/Rock_02.prefab using Guid(cd7123d542a7f3f429ba006ed42120f5) Importer(815301076,1909f56bfc062723c751e8b465ee728b)  -> (artifact id: '83916f1023fb95ade39e27be64248c03') in 0.009714 seconds 
  Import took 0.012386 seconds .

========================================================================
Received Import Request.
  Time since last request: 14.632008 seconds.
  path: Assets/Settings/SampleScenePostProcessingSettings.asset
  artifactKey: Guid(183cbd347d25080429f42b520742bbd8) Importer(815301076,1909f56bfc062723c751e8b465ee728b)
Start importing Assets/Settings/SampleScenePostProcessingSettings.asset using Guid(183cbd347d25080429f42b520742bbd8) Importer(815301076,1909f56bfc062723c751e8b465ee728b)  -> (artifact id: '2a220322abb0cd4a01dd0090dcd0edc4') in 0.006504 seconds 
  Import took 0.009613 seconds .

========================================================================
Received Import Request.
  Time since last request: 0.000107 seconds.
  path: Assets/Settings/SampleSceneSkyandFogSettings.asset
  artifactKey: Guid(a123fc0ac58cb774e8592c925f167e7c) Importer(815301076,1909f56bfc062723c751e8b465ee728b)
Start importing Assets/Settings/SampleSceneSkyandFogSettings.asset using Guid(a123fc0ac58cb774e8592c925f167e7c) Importer(815301076,1909f56bfc062723c751e8b465ee728b)  -> (artifact id: '56d5681475178734aca69ebaf2429522') in 0.006101 seconds 
  Import took 0.009033 seconds .

========================================================================
Received Import Request.
  Time since last request: 258.672271 seconds.
  path: Assets/Model/Unique Colliders/GoldMine_Collider.fbx
  artifactKey: Guid(c06595308505741408e1d43b24ba1a52) Importer(815301076,1909f56bfc062723c751e8b465ee728b)
Start importing Assets/Model/Unique Colliders/GoldMine_Collider.fbx using Guid(c06595308505741408e1d43b24ba1a52) Importer(815301076,1909f56bfc062723c751e8b465ee728b)  -> (artifact id: '789e9b98afa01766aa7f89a6acc214f9') in 0.016511 seconds 
  Import took 0.019563 seconds .

========================================================================
Received Import Request.
  Time since last request: 9.025430 seconds.
  path: Assets/Prefabs/House_M.prefab
  artifactKey: Guid(9ad6e085bdeb3e7468d9da40656895bd) Importer(815301076,1909f56bfc062723c751e8b465ee728b)
Start importing Assets/Prefabs/House_M.prefab using Guid(9ad6e085bdeb3e7468d9da40656895bd) Importer(815301076,1909f56bfc062723c751e8b465ee728b)  -> (artifact id: '4f8ab05c123e6eec20f314ba0a0022bd') in 0.007301 seconds 
  Import took 0.010177 seconds .

========================================================================
Received Import Request.
  Time since last request: 0.000096 seconds.
  path: Assets/Prefabs/Portal.prefab
  artifactKey: Guid(0f76ef1b604d20d4d883e6664bda40b1) Importer(815301076,1909f56bfc062723c751e8b465ee728b)
Start importing Assets/Prefabs/Portal.prefab using Guid(0f76ef1b604d20d4d883e6664bda40b1) Importer(815301076,1909f56bfc062723c751e8b465ee728b)  -> (artifact id: 'b260265e78f4111135d41dd4770e7236') in 0.003485 seconds 
  Import took 0.005426 seconds .

========================================================================
Received Import Request.
  Time since last request: 0.000106 seconds.
  path: Assets/Prefabs/Rock_01.prefab
  artifactKey: Guid(140c2393b4dac4048bf25e56bcced5e9) Importer(815301076,1909f56bfc062723c751e8b465ee728b)
Start importing Assets/Prefabs/Rock_01.prefab using Guid(140c2393b4dac4048bf25e56bcced5e9) Importer(815301076,1909f56bfc062723c751e8b465ee728b)  -> (artifact id: '2130782d8aa429af406aa1061579efe7') in 0.003186 seconds 
  Import took 0.005358 seconds .

========================================================================
Received Import Request.
  Time since last request: 19.038210 seconds.
  path: Assets/Terrain/New Terrain 1.asset
  artifactKey: Guid(82735be7ed0b92945aa90863e680d9ad) Importer(815301076,1909f56bfc062723c751e8b465ee728b)
Start importing Assets/Terrain/New Terrain 1.asset using Guid(82735be7ed0b92945aa90863e680d9ad) Importer(815301076,1909f56bfc062723c751e8b465ee728b) The tree Tree_01 couldn't be instanced because bounds could not be determined.
The tree PineTree_01 couldn't be instanced because bounds could not be determined.
The tree PineTree_04 couldn't be instanced because bounds could not be determined.
 -> (artifact id: '8742afe6e91786c0255d86b9135fe618') in 0.094739 seconds 
  Import took 0.099216 seconds .

========================================================================
Received Import Request.
  Time since last request: 0.000137 seconds.
  path: Assets/Terrain/NewLayer2.terrainlayer
  artifactKey: Guid(fdbd7387820787e4bbb48a2dbd94258d) Importer(815301076,1909f56bfc062723c751e8b465ee728b)
Start importing Assets/Terrain/NewLayer2.terrainlayer using Guid(fdbd7387820787e4bbb48a2dbd94258d) Importer(815301076,1909f56bfc062723c751e8b465ee728b)  -> (artifact id: '3930dfdcb17e48ec63998c4659012eed') in 0.040435 seconds 
  Import took 0.043658 seconds .

========================================================================
Received Import Request.
  Time since last request: 0.000116 seconds.
  path: Assets/Terrain/NewLayer.terrainlayer
  artifactKey: Guid(839d5a6268f69594fa3b2fc530bf2593) Importer(815301076,1909f56bfc062723c751e8b465ee728b)
Start importing Assets/Terrain/NewLayer.terrainlayer using Guid(839d5a6268f69594fa3b2fc530bf2593) Importer(815301076,1909f56bfc062723c751e8b465ee728b)  -> (artifact id: 'fc147caa675be58e0a4cab9a6b60fc27') in 0.011061 seconds 
  Import took 0.013279 seconds .

========================================================================
Received Import Request.
  Time since last request: 1.526624 seconds.
  path: Assets/Textures/Atlas.psd
  artifactKey: Guid(41067457ce125bd47b24e313a662b681) Importer(815301076,1909f56bfc062723c751e8b465ee728b)
Start importing Assets/Textures/Atlas.psd using Guid(41067457ce125bd47b24e313a662b681) Importer(815301076,1909f56bfc062723c751e8b465ee728b)  -> (artifact id: 'ae8ce973ee3ac485c0a198ff898a37e1') in 0.011253 seconds 
  Import took 0.014541 seconds .

========================================================================
Received Import Request.
  Time since last request: 0.000116 seconds.
  path: Assets/Textures/grass.png
  artifactKey: Guid(374cada61367449a78f82cd6bf6da1f8) Importer(815301076,1909f56bfc062723c751e8b465ee728b)
Start importing Assets/Textures/grass.png using Guid(374cada61367449a78f82cd6bf6da1f8) Importer(815301076,1909f56bfc062723c751e8b465ee728b)  -> (artifact id: '0b65b380857035932364068536e99b13') in 0.025430 seconds 
  Import took 0.027935 seconds .

========================================================================
Received Import Request.
  Time since last request: 0.000108 seconds.
  path: Assets/Textures/ground1.png
  artifactKey: Guid(95991d151fc3a0d41a7edfd3ca1932ba) Importer(815301076,1909f56bfc062723c751e8b465ee728b)
Start importing Assets/Textures/ground1.png using Guid(95991d151fc3a0d41a7edfd3ca1932ba) Importer(815301076,1909f56bfc062723c751e8b465ee728b)  -> (artifact id: '2e8917c124a22cae0e05ddf29578200d') in 0.008899 seconds 
  Import took 0.011479 seconds .

========================================================================
Received Import Request.
  Time since last request: 128.778100 seconds.
  path: Assets/Scenes/RTStest.unity
  artifactKey: Guid(cbfe36cfddfde964d9dfce63a355d5dd) Importer(815301076,1909f56bfc062723c751e8b465ee728b)
Start importing Assets/Scenes/RTStest.unity using Guid(cbfe36cfddfde964d9dfce63a355d5dd) Importer(815301076,1909f56bfc062723c751e8b465ee728b)  -> (artifact id: 'd7750f7b4daed201e596b6d1f5c8c56d') in 0.006567 seconds 
  Import took 0.009887 seconds .

========================================================================
Received Import Request.
  Time since last request: 413.154858 seconds.
  path: Assets/FreelanceAssets/rooftile.rar
  artifactKey: Guid(9e4d8198e1537194791a4415379094fc) Importer(815301076,1909f56bfc062723c751e8b465ee728b)
Start importing Assets/FreelanceAssets/rooftile.rar using Guid(9e4d8198e1537194791a4415379094fc) Importer(815301076,1909f56bfc062723c751e8b465ee728b)  -> (artifact id: 'f7393afc6f23c553ee8ea0b9530aa6b5') in 0.007408 seconds 
  Import took 0.011131 seconds .

========================================================================
Received Import Request.
  Time since last request: 169.554085 seconds.
  path: Assets/FreelanceAssets/rooftile
  artifactKey: Guid(da3a6eb3c9d261e4392b0f97c5658c2b) Importer(815301076,1909f56bfc062723c751e8b465ee728b)
Start importing Assets/FreelanceAssets/rooftile using Guid(da3a6eb3c9d261e4392b0f97c5658c2b) Importer(815301076,1909f56bfc062723c751e8b465ee728b)  -> (artifact id: 'b6eab2c9ac9093190d61add0d0737d47') in 0.002233 seconds 
  Import took 0.005408 seconds .

========================================================================
Received Import Request.
  Time since last request: 0.039516 seconds.
  path: Assets/FreelanceAssets/rooftile/kiremit.png
  artifactKey: Guid(a3e68d1ae705f674c90407dd2c45cf0f) Importer(815301076,1909f56bfc062723c751e8b465ee728b)
Start importing Assets/FreelanceAssets/rooftile/kiremit.png using Guid(a3e68d1ae705f674c90407dd2c45cf0f) Importer(815301076,1909f56bfc062723c751e8b465ee728b)  -> (artifact id: 'cbe632b47c8d6e6e240f7cb358576d99') in 0.021814 seconds 
  Import took 0.024665 seconds .

========================================================================
Received Import Request.
  Time since last request: 0.000128 seconds.
  path: Assets/FreelanceAssets/rooftile/kiremit1.png
  artifactKey: Guid(1f81d3bd9af1cb64ca449676a5a5e08e) Importer(815301076,1909f56bfc062723c751e8b465ee728b)
Start importing Assets/FreelanceAssets/rooftile/kiremit1.png using Guid(1f81d3bd9af1cb64ca449676a5a5e08e) Importer(815301076,1909f56bfc062723c751e8b465ee728b)  -> (artifact id: 'ed1e2330895cd5e435c08f05ccd8577b') in 0.015327 seconds 
  Import took 0.017625 seconds .

========================================================================
Received Import Request.
  Time since last request: 4.567182 seconds.
  path: Assets/FreelanceAssets/rooftile/kiremit.zip
  artifactKey: Guid(5b2f1fca75d757a4f87824498ef944ff) Importer(815301076,1909f56bfc062723c751e8b465ee728b)
Start importing Assets/FreelanceAssets/rooftile/kiremit.zip using Guid(5b2f1fca75d757a4f87824498ef944ff) Importer(815301076,1909f56bfc062723c751e8b465ee728b)  -> (artifact id: '37b87ef3f770d042e9326b24afeacd02') in 0.004885 seconds 
  Import took 0.008305 seconds .

========================================================================
Received Import Request.
  Time since last request: 0.799184 seconds.
  path: Assets/FreelanceAssets/rooftile/Materials
  artifactKey: Guid(acb80d55f40aa7c4fb3742348b2e7e1e) Importer(815301076,1909f56bfc062723c751e8b465ee728b)
Start importing Assets/FreelanceAssets/rooftile/Materials using Guid(acb80d55f40aa7c4fb3742348b2e7e1e) Importer(815301076,1909f56bfc062723c751e8b465ee728b)  -> (artifact id: '1aeba4037f789e5d5f68e2c5595fad47') in 0.005352 seconds 
  Import took 0.008327 seconds .

========================================================================
Received Import Request.
  Time since last request: 0.063263 seconds.
  path: Assets/FreelanceAssets/rooftile/Materials/kiremit.mat
  artifactKey: Guid(52e7c3cf5eed4424b91e429c81f4b395) Importer(815301076,1909f56bfc062723c751e8b465ee728b)
Start importing Assets/FreelanceAssets/rooftile/Materials/kiremit.mat using Guid(52e7c3cf5eed4424b91e429c81f4b395) Importer(815301076,1909f56bfc062723c751e8b465ee728b)  -> (artifact id: '2e3d4ba7361f21cff44664618865103c') in 0.009773 seconds 
  Import took 0.012412 seconds .

========================================================================
Received Import Request.
  Time since last request: 473.238445 seconds.
  path: Assets/UIAssets/TextMesh Pro/Examples & Extras/Materials/Small Crate_diffuse.mat
  artifactKey: Guid(22262639920f43d6be32430e4e58350d) Importer(815301076,1909f56bfc062723c751e8b465ee728b)
Start importing Assets/UIAssets/TextMesh Pro/Examples & Extras/Materials/Small Crate_diffuse.mat using Guid(22262639920f43d6be32430e4e58350d) Importer(815301076,1909f56bfc062723c751e8b465ee728b)  -> (artifact id: 'f087dcf16cec75a6974325e7c470dd37') in 0.027891 seconds 
  Import took 0.031648 seconds .

========================================================================
Received Import Request.
  Time since last request: 0.501386 seconds.
  path: Assets/LowPoly Environment Pack/FBX/Materials/Yellow.1.mat
  artifactKey: Guid(a13e4ebaa5a967d44b6836ec8e9e2f89) Importer(815301076,1909f56bfc062723c751e8b465ee728b)
Start importing Assets/LowPoly Environment Pack/FBX/Materials/Yellow.1.mat using Guid(a13e4ebaa5a967d44b6836ec8e9e2f89) Importer(815301076,1909f56bfc062723c751e8b465ee728b)  -> (artifact id: '3dd4f9fedad21d0ba99663c2809d9bce') in 0.013974 seconds 
  Import took 0.017344 seconds .

========================================================================
Received Import Request.
  Time since last request: 43.629410 seconds.
  path: Assets/LowPolyInterior/Models/Room/RoomFurniture_01.fbx
  artifactKey: Guid(936fc096278db32418672086a232d893) Importer(815301076,1909f56bfc062723c751e8b465ee728b)
Start importing Assets/LowPolyInterior/Models/Room/RoomFurniture_01.fbx using Guid(936fc096278db32418672086a232d893) Importer(815301076,1909f56bfc062723c751e8b465ee728b)  -> (artifact id: 'd365fca999c346c105b3b2fd0e679571') in 0.049438 seconds 
  Import took 0.052896 seconds .

========================================================================
Received Import Request.
  Time since last request: 0.000132 seconds.
  path: Assets/LowPolyInterior/Models/Room/RoomFurniture_06.fbx
  artifactKey: Guid(3378ee19307ce574db6dff14967f5c63) Importer(815301076,1909f56bfc062723c751e8b465ee728b)
Start importing Assets/LowPolyInterior/Models/Room/RoomFurniture_06.fbx using Guid(3378ee19307ce574db6dff14967f5c63) Importer(815301076,1909f56bfc062723c751e8b465ee728b)  -> (artifact id: '55b65b757cea2fe63a90db82abfb0236') in 0.039388 seconds 
  Import took 0.042088 seconds .

========================================================================
Received Import Request.
  Time since last request: 0.000119 seconds.
  path: Assets/LowPolyInterior/Models/Room/RoomFurniture_07.fbx
  artifactKey: Guid(e89e0665ded46f04d9244351cf0353e4) Importer(815301076,1909f56bfc062723c751e8b465ee728b)
Start importing Assets/LowPolyInterior/Models/Room/RoomFurniture_07.fbx using Guid(e89e0665ded46f04d9244351cf0353e4) Importer(815301076,1909f56bfc062723c751e8b465ee728b)  -> (artifact id: 'ff0705ca5440037bfa8a1b3cbd80d350') in 0.034498 seconds 
  Import took 0.036918 seconds .

========================================================================
Received Import Request.
  Time since last request: 0.000116 seconds.
  path: Assets/LowPolyInterior/Models/Room/RoomFurniture_05.fbx
  artifactKey: Guid(f21298da2504b1b4aa35b7781ef7fc30) Importer(815301076,1909f56bfc062723c751e8b465ee728b)
Start importing Assets/LowPolyInterior/Models/Room/RoomFurniture_05.fbx using Guid(f21298da2504b1b4aa35b7781ef7fc30) Importer(815301076,1909f56bfc062723c751e8b465ee728b)  -> (artifact id: '282673763f1ccd23c006c166c2081f41') in 0.031887 seconds 
  Import took 0.034149 seconds .

========================================================================
Received Import Request.
  Time since last request: 0.000115 seconds.
  path: Assets/LowPolyInterior/Models/Room/RoomFurniture_04.fbx
  artifactKey: Guid(8f05143b184b1f8409eb0361b3982f7b) Importer(815301076,1909f56bfc062723c751e8b465ee728b)
Start importing Assets/LowPolyInterior/Models/Room/RoomFurniture_04.fbx using Guid(8f05143b184b1f8409eb0361b3982f7b) Importer(815301076,1909f56bfc062723c751e8b465ee728b)  -> (artifact id: 'bfdfcabe3023806500d1d46956345a22') in 0.031939 seconds 
  Import took 0.034302 seconds .

========================================================================
Received Import Request.
  Time since last request: 0.000105 seconds.
  path: Assets/LowPolyInterior/Models/Room/RoomFurniture_03.fbx
  artifactKey: Guid(736d34d615d251040a2fc0ebbb86971c) Importer(815301076,1909f56bfc062723c751e8b465ee728b)
Start importing Assets/LowPolyInterior/Models/Room/RoomFurniture_03.fbx using Guid(736d34d615d251040a2fc0ebbb86971c) Importer(815301076,1909f56bfc062723c751e8b465ee728b)  -> (artifact id: 'a5ee4965b93ad7e13d7420df51e578ec') in 0.028439 seconds 
  Import took 0.030773 seconds .

========================================================================
Received Import Request.
  Time since last request: 0.000111 seconds.
  path: Assets/LowPolyInterior/Models/Room/RoomFurniture_02.fbx
  artifactKey: Guid(4cc410622071c254b9bbf3ab28122b19) Importer(815301076,1909f56bfc062723c751e8b465ee728b)
Start importing Assets/LowPolyInterior/Models/Room/RoomFurniture_02.fbx using Guid(4cc410622071c254b9bbf3ab28122b19) Importer(815301076,1909f56bfc062723c751e8b465ee728b)  -> (artifact id: '1ead60fa91dd6483ce61ce9b4c33ba90') in 0.028647 seconds 
  Import took 0.031139 seconds .

========================================================================
Received Import Request.
  Time since last request: 0.000131 seconds.
  path: Assets/LowPolyInterior/Models/Room/RoomFurniture_08.fbx
  artifactKey: Guid(57c85f9a7f1662f498ed8bc747ad94f2) Importer(815301076,1909f56bfc062723c751e8b465ee728b)
Start importing Assets/LowPolyInterior/Models/Room/RoomFurniture_08.fbx using Guid(57c85f9a7f1662f498ed8bc747ad94f2) Importer(815301076,1909f56bfc062723c751e8b465ee728b)  -> (artifact id: '4a253e29e5ce727b815067a9cb671269') in 0.031603 seconds 
  Import took 0.034542 seconds .

========================================================================
Received Import Request.
  Time since last request: 0.000124 seconds.
  path: Assets/LowPolyInterior/Models/Room/RoomTable_01.fbx
  artifactKey: Guid(ea96a2344ff45454c97a4c2d0c51d22b) Importer(815301076,1909f56bfc062723c751e8b465ee728b)
Start importing Assets/LowPolyInterior/Models/Room/RoomTable_01.fbx using Guid(ea96a2344ff45454c97a4c2d0c51d22b) Importer(815301076,1909f56bfc062723c751e8b465ee728b)  -> (artifact id: '2ebc1ddd8cdf2b177f0f3b96e4d704f9') in 0.015612 seconds 
  Import took 0.018472 seconds .

========================================================================
Received Import Request.
  Time since last request: 36.526625 seconds.
  path: Assets/Lowpoly Style/Shared Materials and Textures/Roof/Materials/T_Roof_Normal.mat
  artifactKey: Guid(90b5cfcbd93c4ef4ebf92202f28b8d07) Importer(815301076,1909f56bfc062723c751e8b465ee728b)
Start importing Assets/Lowpoly Style/Shared Materials and Textures/Roof/Materials/T_Roof_Normal.mat using Guid(90b5cfcbd93c4ef4ebf92202f28b8d07) Importer(815301076,1909f56bfc062723c751e8b465ee728b)  -> (artifact id: '52986d0a63434f0522b882f1912dc057') in 0.031841 seconds 
  Import took 0.035216 seconds .

========================================================================
Received Import Request.
  Time since last request: 11.455507 seconds.
  path: Assets/Lo-Fi Chillout Music For Games/Lo-Fi Music/1Dreams Of Her Best Friend.wav
  artifactKey: Guid(a73b50ea7984f3d45957d4c12cbe9497) Importer(815301076,1909f56bfc062723c751e8b465ee728b)
Start importing Assets/Lo-Fi Chillout Music For Games/Lo-Fi Music/1Dreams Of Her Best Friend.wav using Guid(a73b50ea7984f3d45957d4c12cbe9497) Importer(815301076,1909f56bfc062723c751e8b465ee728b)  -> (artifact id: 'bb70f7e7a7a79b9897a64d62babd6e63') in 0.035621 seconds 
  Import took 0.038794 seconds .

========================================================================
Received Import Request.
  Time since last request: 0.000111 seconds.
  path: Assets/Lo-Fi Chillout Music For Games/Lo-Fi Music/2Stormy And Choice.wav
  artifactKey: Guid(5e0e2d64ff0af2a4c8fba8b3f5d17007) Importer(815301076,1909f56bfc062723c751e8b465ee728b)
Start importing Assets/Lo-Fi Chillout Music For Games/Lo-Fi Music/2Stormy And Choice.wav using Guid(5e0e2d64ff0af2a4c8fba8b3f5d17007) Importer(815301076,1909f56bfc062723c751e8b465ee728b)  -> (artifact id: '2e28cdd96109be5b351ac4f726d2f844') in 0.034096 seconds 
  Import took 0.036357 seconds .

========================================================================
Received Import Request.
  Time since last request: 0.000105 seconds.
  path: Assets/Lo-Fi Chillout Music For Games/Lo-Fi Music/3Home Of My Heart.wav
  artifactKey: Guid(b95f425f538326b43b6c85e0960d8488) Importer(815301076,1909f56bfc062723c751e8b465ee728b)
Start importing Assets/Lo-Fi Chillout Music For Games/Lo-Fi Music/3Home Of My Heart.wav using Guid(b95f425f538326b43b6c85e0960d8488) Importer(815301076,1909f56bfc062723c751e8b465ee728b)  -> (artifact id: 'dd8eebfb7ae76c69540e94c69a847efd') in 0.013258 seconds 
  Import took 0.015412 seconds .

========================================================================
Received Import Request.
  Time since last request: 27303.837948 seconds.
  path: Assets/Scenes/TileScene.unity
  artifactKey: Guid(4b5eae965834d4342a602ca7fcd96fe3) Importer(815301076,1909f56bfc062723c751e8b465ee728b)
Start importing Assets/Scenes/TileScene.unity using Guid(4b5eae965834d4342a602ca7fcd96fe3) Importer(815301076,1909f56bfc062723c751e8b465ee728b)  -> (artifact id: 'b2c6943d9cc6edb541c7088c14531285') in 0.008077 seconds 
  Import took 0.012011 seconds .

========================================================================
Received Prepare
Registering precompiled user dll's ...
Registered in 0.081000 seconds.
Begin MonoManager ReloadAssembly
Native extension for WindowsStandalone target not found
Native extension for WebGL target not found
Refreshing native plugins compatible for Editor in 1.43 ms, found 2 plugins.
Preloading 0 native plugins for Editor in 0.00 ms.
Mono: successfully reloaded assembly
- Completed reload, in  0.680 seconds
Domain Reload Profiling:
	ReloadAssembly (681ms)
		BeginReloadAssembly (94ms)
			ExecutionOrderSort (0ms)
			DisableScriptedObjects (3ms)
			BackupInstance (0ms)
			ReleaseScriptingObjects (0ms)
			CreateAndSetChildDomain (27ms)
		EndReloadAssembly (545ms)
			LoadAssemblies (58ms)
			RebuildTransferFunctionScriptingTraits (0ms)
			SetupTypeCache (182ms)
			ReleaseScriptCaches (1ms)
			RebuildScriptCaches (27ms)
			SetupLoadedEditorAssemblies (221ms)
				LogAssemblyErrors (0ms)
				InitializePlatformSupportModulesInManaged (4ms)
				SetLoadedEditorAssemblies (0ms)
				RefreshPlugins (1ms)
				BeforeProcessingInitializeOnLoad (58ms)
				ProcessInitializeOnLoadAttributes (147ms)
				ProcessInitializeOnLoadMethodAttributes (6ms)
				AfterProcessingInitializeOnLoad (5ms)
				EditorAssembliesLoaded (0ms)
			ExecutionOrderSort2 (0ms)
			AwakeInstancesAfterBackupRestoration (4ms)
Platform modules already initialized, skipping
Refreshing native plugins compatible for Editor in 1.47 ms, found 2 plugins.
Preloading 0 native plugins for Editor in 0.00 ms.
Unloading 2242 Unused Serialized files (Serialized files now loaded: 0)
System memory in use before: 228.7 MB.
System memory in use after: 227.3 MB.

Unloading 39 unused Assets to reduce memory usage. Loaded Objects now: 2773.
Total: 3.143300 ms (FindLiveObjects: 0.206100 ms CreateObjectMapping: 0.060000 ms MarkObjects: 2.225600 ms  DeleteObjects: 0.650400 ms)

AssetImportParameters requested are different than current active one (requested -> active):
  custom:framework-win-MediaFoundation: 216162199b28c13a410421893ffa2e32 -> 
  custom:video-decoder-ogg-theora: a1e56fd34408186e4bbccfd4996cb3dc -> 
  custom:container-muxer-webm: aa71ff27fc2769a1b78a27578f13a17b -> 
  custom:container-demuxer-webm: 4f35f7cbe854078d1ac9338744f61a02 -> 
  custom:container-demuxer-ogg: 62fdf1f143b41e24485cea50d1cbac27 -> 
  custom:video-encoder-webm-vp8: eb34c28f22e8b96e1ab97ce403110664 -> 
  custom:video-decoder-webm-vp8: 9c59270c3fd7afecdb556c50c9e8de78 -> 
  custom:audio-decoder-ogg-vorbis: bf7c407c2cedff20999df2af8eb42d56 -> 
  custom:audio-encoder-webm-vorbis: bf7c407c2cedff20999df2af8eb42d56 -> 
========================================================================
Received Prepare
Registering precompiled user dll's ...
Registered in 0.006312 seconds.
Begin MonoManager ReloadAssembly
Native extension for WindowsStandalone target not found
Native extension for WebGL target not found
Refreshing native plugins compatible for Editor in 1.47 ms, found 2 plugins.
Preloading 0 native plugins for Editor in 0.00 ms.
Mono: successfully reloaded assembly
- Completed reload, in  0.675 seconds
Domain Reload Profiling:
	ReloadAssembly (675ms)
		BeginReloadAssembly (87ms)
			ExecutionOrderSort (0ms)
			DisableScriptedObjects (3ms)
			BackupInstance (0ms)
			ReleaseScriptingObjects (0ms)
			CreateAndSetChildDomain (24ms)
		EndReloadAssembly (546ms)
			LoadAssemblies (64ms)
			RebuildTransferFunctionScriptingTraits (0ms)
			SetupTypeCache (179ms)
			ReleaseScriptCaches (1ms)
			RebuildScriptCaches (26ms)
			SetupLoadedEditorAssemblies (221ms)
				LogAssemblyErrors (0ms)
				InitializePlatformSupportModulesInManaged (4ms)
				SetLoadedEditorAssemblies (0ms)
				RefreshPlugins (2ms)
				BeforeProcessingInitializeOnLoad (59ms)
				ProcessInitializeOnLoadAttributes (144ms)
				ProcessInitializeOnLoadMethodAttributes (7ms)
				AfterProcessingInitializeOnLoad (5ms)
				EditorAssembliesLoaded (0ms)
			ExecutionOrderSort2 (0ms)
			AwakeInstancesAfterBackupRestoration (4ms)
Platform modules already initialized, skipping
Refreshing native plugins compatible for Editor in 1.40 ms, found 2 plugins.
Preloading 0 native plugins for Editor in 0.00 ms.
Unloading 2241 Unused Serialized files (Serialized files now loaded: 0)
System memory in use before: 228.7 MB.
System memory in use after: 227.3 MB.

Unloading 38 unused Assets to reduce memory usage. Loaded Objects now: 2775.
Total: 3.292200 ms (FindLiveObjects: 0.177700 ms CreateObjectMapping: 0.056700 ms MarkObjects: 2.271300 ms  DeleteObjects: 0.785300 ms)

AssetImportParameters requested are different than current active one (requested -> active):
  custom:framework-win-MediaFoundation: 216162199b28c13a410421893ffa2e32 -> 
  custom:video-decoder-ogg-theora: a1e56fd34408186e4bbccfd4996cb3dc -> 
  custom:container-muxer-webm: aa71ff27fc2769a1b78a27578f13a17b -> 
  custom:container-demuxer-webm: 4f35f7cbe854078d1ac9338744f61a02 -> 
  custom:container-demuxer-ogg: 62fdf1f143b41e24485cea50d1cbac27 -> 
  custom:video-encoder-webm-vp8: eb34c28f22e8b96e1ab97ce403110664 -> 
  custom:video-decoder-webm-vp8: 9c59270c3fd7afecdb556c50c9e8de78 -> 
  custom:audio-decoder-ogg-vorbis: bf7c407c2cedff20999df2af8eb42d56 -> 
  custom:audio-encoder-webm-vorbis: bf7c407c2cedff20999df2af8eb42d56 -> 
========================================================================
Received Import Request.
  Time since last request: 5346.641890 seconds.
  path: Assets/Scenes/Shape 1 (1).svg
  artifactKey: Guid(b8009745873fb5a4ab3d077769781022) Importer(815301076,1909f56bfc062723c751e8b465ee728b)
Start importing Assets/Scenes/Shape 1 (1).svg using Guid(b8009745873fb5a4ab3d077769781022) Importer(815301076,1909f56bfc062723c751e8b465ee728b)  -> (artifact id: '6a1708649496c81ba7a33072265fa5bf') in 0.028532 seconds 
  Import took 0.032410 seconds .

========================================================================
Received Import Request.
  Time since last request: 0.560926 seconds.
  path: Assets/Scenes/Shape 1 (1) 1.svg
  artifactKey: Guid(34531d0f11aa65344872456fc60daded) Importer(815301076,1909f56bfc062723c751e8b465ee728b)
Start importing Assets/Scenes/Shape 1 (1) 1.svg using Guid(34531d0f11aa65344872456fc60daded) Importer(815301076,1909f56bfc062723c751e8b465ee728b)  -> (artifact id: '48060689e0e95f3ad5b828e6cfcb2b9d') in 0.006724 seconds 
  Import took 0.009717 seconds .

========================================================================
Received Import Request.
  Time since last request: 194.558327 seconds.
  path: Assets/Scenes/Shape 1.svg
  artifactKey: Guid(71b0da91f719f9148abe2fd760bfe62a) Importer(815301076,1909f56bfc062723c751e8b465ee728b)
Start importing Assets/Scenes/Shape 1.svg using Guid(71b0da91f719f9148abe2fd760bfe62a) Importer(815301076,1909f56bfc062723c751e8b465ee728b)  -> (artifact id: '7f6545c9dc627e1687698ef8b8e422b6') in 0.006839 seconds 
  Import took 0.010263 seconds .

========================================================================
Received Import Request.
  Time since last request: 479.620272 seconds.
  path: Assets/Scenes/Shape 1.png
  artifactKey: Guid(8c78430c5d9ba49478b1359349aa4e8e) Importer(815301076,1909f56bfc062723c751e8b465ee728b)
Start importing Assets/Scenes/Shape 1.png using Guid(8c78430c5d9ba49478b1359349aa4e8e) Importer(815301076,1909f56bfc062723c751e8b465ee728b)  -> (artifact id: '1f81d96c650c7a5bc4aa2e3b2dc4bc9c') in 0.023052 seconds 
  Import took 0.026812 seconds .

========================================================================
Received Import Request.
  Time since last request: 24.381930 seconds.
  path: Assets/Scenes/Shape 1 (1).png
  artifactKey: Guid(92d5808a55f71a24e8b1b12ed816df48) Importer(815301076,1909f56bfc062723c751e8b465ee728b)
Start importing Assets/Scenes/Shape 1 (1).png using Guid(92d5808a55f71a24e8b1b12ed816df48) Importer(815301076,1909f56bfc062723c751e8b465ee728b)  -> (artifact id: 'a565651ec560684472796d5386ebc77d') in 0.014344 seconds 
  Import took 0.017617 seconds .

========================================================================
Received Import Request.
  Time since last request: 52.717500 seconds.
  path: Assets/Scenes/Shape 2.png
  artifactKey: Guid(6c604a3950417a94ab1e2c64968dcc0c) Importer(815301076,1909f56bfc062723c751e8b465ee728b)
Start importing Assets/Scenes/Shape 2.png using Guid(6c604a3950417a94ab1e2c64968dcc0c) Importer(815301076,1909f56bfc062723c751e8b465ee728b)  -> (artifact id: 'c4501a20c8ad86c03ee9b8d3dbb88642') in 0.034441 seconds 
  Import took 0.037829 seconds .

========================================================================
Received Import Request.
  Time since last request: 0.000140 seconds.
  path: Assets/Scenes/Shape 1 (1).png
  artifactKey: Guid(92d5808a55f71a24e8b1b12ed816df48) Importer(815301076,1909f56bfc062723c751e8b465ee728b)
Start importing Assets/Scenes/Shape 1 (1).png using Guid(92d5808a55f71a24e8b1b12ed816df48) Importer(815301076,1909f56bfc062723c751e8b465ee728b)  -> (artifact id: '1ecf910bf17d4a69cc8db55b50e968f4') in 0.007014 seconds 
  Import took 0.009293 seconds .

========================================================================
Received Import Request.
  Time since last request: 8.487482 seconds.
  path: Assets/Scenes/Shape 3.png
  artifactKey: Guid(6c97b0d261194594da041fe828891f09) Importer(815301076,1909f56bfc062723c751e8b465ee728b)
Start importing Assets/Scenes/Shape 3.png using Guid(6c97b0d261194594da041fe828891f09) Importer(815301076,1909f56bfc062723c751e8b465ee728b)  -> (artifact id: '08a7f17eaf3c72039a9afe5689c0fa75') in 0.019919 seconds 
  Import took 0.023122 seconds .

========================================================================
Received Import Request.
  Time since last request: 12.552503 seconds.
  path: Assets/Scenes/Shape 3.png
  artifactKey: Guid(6c97b0d261194594da041fe828891f09) Importer(815301076,1909f56bfc062723c751e8b465ee728b)
Start importing Assets/Scenes/Shape 3.png using Guid(6c97b0d261194594da041fe828891f09) Importer(815301076,1909f56bfc062723c751e8b465ee728b)  -> (artifact id: '3c5aa8972afd3a2537fad3b9d592a11f') in 0.031242 seconds 
  Import took 0.034671 seconds .

========================================================================
Received Import Request.
  Time since last request: 24.227375 seconds.
  path: Assets/Scenes/Shape 1 (2).png
  artifactKey: Guid(4283da2b612a494428fe0b6480dadb4b) Importer(815301076,1909f56bfc062723c751e8b465ee728b)
Start importing Assets/Scenes/Shape 1 (2).png using Guid(4283da2b612a494428fe0b6480dadb4b) Importer(815301076,1909f56bfc062723c751e8b465ee728b)  -> (artifact id: '40019f0515c615123ccb9ed96e6f9323') in 0.041290 seconds 
  Import took 0.044732 seconds .

========================================================================
Received Import Request.
  Time since last request: 56.717883 seconds.
  path: Assets/Scenes/Shape 1 (2).png
  artifactKey: Guid(4283da2b612a494428fe0b6480dadb4b) Importer(815301076,1909f56bfc062723c751e8b465ee728b)
Start importing Assets/Scenes/Shape 1 (2).png using Guid(4283da2b612a494428fe0b6480dadb4b) Importer(815301076,1909f56bfc062723c751e8b465ee728b)  -> (artifact id: 'bd20d591031d95c38be0e2cf70f13600') in 0.054799 seconds 
  Import took 0.059035 seconds .

========================================================================
Received Import Request.
  Time since last request: 4.725188 seconds.
  path: Assets/Scenes/Shape 1 (2).png
  artifactKey: Guid(4283da2b612a494428fe0b6480dadb4b) Importer(815301076,1909f56bfc062723c751e8b465ee728b)
Start importing Assets/Scenes/Shape 1 (2).png using Guid(4283da2b612a494428fe0b6480dadb4b) Importer(815301076,1909f56bfc062723c751e8b465ee728b)  -> (artifact id: '4fd6467dd1950e99ad8290531691bfbe') in 0.029472 seconds 
  Import took 0.033703 seconds .

========================================================================
Received Import Request.
  Time since last request: 29.697008 seconds.
  path: Assets/Scenes/Shape 1 (2).png
  artifactKey: Guid(4283da2b612a494428fe0b6480dadb4b) Importer(815301076,1909f56bfc062723c751e8b465ee728b)
Start importing Assets/Scenes/Shape 1 (2).png using Guid(4283da2b612a494428fe0b6480dadb4b) Importer(815301076,1909f56bfc062723c751e8b465ee728b)  -> (artifact id: '28a852f9c3704241ac24950cc990da0f') in 0.047226 seconds 
  Import took 0.051308 seconds .

========================================================================
Received Prepare
Registering precompiled user dll's ...
Registered in 0.003700 seconds.
Begin MonoManager ReloadAssembly
Native extension for WindowsStandalone target not found
Native extension for WebGL target not found
Refreshing native plugins compatible for Editor in 1.39 ms, found 2 plugins.
Preloading 0 native plugins for Editor in 0.00 ms.
Mono: successfully reloaded assembly
- Completed reload, in  0.654 seconds
Domain Reload Profiling:
	ReloadAssembly (654ms)
		BeginReloadAssembly (93ms)
			ExecutionOrderSort (0ms)
			DisableScriptedObjects (3ms)
			BackupInstance (0ms)
			ReleaseScriptingObjects (0ms)
			CreateAndSetChildDomain (26ms)
		EndReloadAssembly (521ms)
			LoadAssemblies (57ms)
			RebuildTransferFunctionScriptingTraits (0ms)
			SetupTypeCache (168ms)
			ReleaseScriptCaches (1ms)
			RebuildScriptCaches (25ms)
			SetupLoadedEditorAssemblies (214ms)
				LogAssemblyErrors (0ms)
				InitializePlatformSupportModulesInManaged (4ms)
				SetLoadedEditorAssemblies (1ms)
				RefreshPlugins (1ms)
				BeforeProcessingInitializeOnLoad (56ms)
				ProcessInitializeOnLoadAttributes (142ms)
				ProcessInitializeOnLoadMethodAttributes (6ms)
				AfterProcessingInitializeOnLoad (4ms)
				EditorAssembliesLoaded (0ms)
			ExecutionOrderSort2 (0ms)
			AwakeInstancesAfterBackupRestoration (4ms)
Platform modules already initialized, skipping
Refreshing native plugins compatible for Editor in 1.53 ms, found 2 plugins.
Preloading 0 native plugins for Editor in 0.00 ms.
Unloading 2241 Unused Serialized files (Serialized files now loaded: 0)
System memory in use before: 228.7 MB.
System memory in use after: 227.4 MB.

Unloading 38 unused Assets to reduce memory usage. Loaded Objects now: 2779.
Total: 3.036000 ms (FindLiveObjects: 0.190100 ms CreateObjectMapping: 0.053500 ms MarkObjects: 2.008000 ms  DeleteObjects: 0.783800 ms)

AssetImportParameters requested are different than current active one (requested -> active):
  custom:framework-win-MediaFoundation: 216162199b28c13a410421893ffa2e32 -> 
  custom:video-decoder-ogg-theora: a1e56fd34408186e4bbccfd4996cb3dc -> 
  custom:container-muxer-webm: aa71ff27fc2769a1b78a27578f13a17b -> 
  custom:container-demuxer-webm: 4f35f7cbe854078d1ac9338744f61a02 -> 
  custom:container-demuxer-ogg: 62fdf1f143b41e24485cea50d1cbac27 -> 
  custom:video-encoder-webm-vp8: eb34c28f22e8b96e1ab97ce403110664 -> 
  custom:video-decoder-webm-vp8: 9c59270c3fd7afecdb556c50c9e8de78 -> 
  custom:audio-decoder-ogg-vorbis: bf7c407c2cedff20999df2af8eb42d56 -> 
  custom:audio-encoder-webm-vorbis: bf7c407c2cedff20999df2af8eb42d56 -> 
========================================================================
Received Import Request.
  Time since last request: 393.718273 seconds.
  path: Assets/LowPolyZombie/Zombie/Prefab/Zombie.prefab
  artifactKey: Guid(f198d14b10c72fa499f7c60b17fbc603) Importer(815301076,1909f56bfc062723c751e8b465ee728b)
Start importing Assets/LowPolyZombie/Zombie/Prefab/Zombie.prefab using Guid(f198d14b10c72fa499f7c60b17fbc603) Importer(815301076,1909f56bfc062723c751e8b465ee728b)  -> (artifact id: '9acb2e6a725f950bd1165a4d32947a66') in 0.093278 seconds 
  Import took 0.098096 seconds .

========================================================================
Received Prepare
Registering precompiled user dll's ...
Registered in 0.004089 seconds.
Begin MonoManager ReloadAssembly
Native extension for WindowsStandalone target not found
Native extension for WebGL target not found
Refreshing native plugins compatible for Editor in 1.39 ms, found 2 plugins.
Preloading 0 native plugins for Editor in 0.00 ms.
Mono: successfully reloaded assembly
- Completed reload, in  0.633 seconds
Domain Reload Profiling:
	ReloadAssembly (633ms)
		BeginReloadAssembly (80ms)
			ExecutionOrderSort (0ms)
			DisableScriptedObjects (3ms)
			BackupInstance (0ms)
			ReleaseScriptingObjects (0ms)
			CreateAndSetChildDomain (25ms)
		EndReloadAssembly (512ms)
			LoadAssemblies (56ms)
			RebuildTransferFunctionScriptingTraits (0ms)
			SetupTypeCache (158ms)
			ReleaseScriptCaches (1ms)
			RebuildScriptCaches (25ms)
			SetupLoadedEditorAssemblies (214ms)
				LogAssemblyErrors (0ms)
				InitializePlatformSupportModulesInManaged (4ms)
				SetLoadedEditorAssemblies (0ms)
				RefreshPlugins (1ms)
				BeforeProcessingInitializeOnLoad (56ms)
				ProcessInitializeOnLoadAttributes (142ms)
				ProcessInitializeOnLoadMethodAttributes (6ms)
				AfterProcessingInitializeOnLoad (4ms)
				EditorAssembliesLoaded (0ms)
			ExecutionOrderSort2 (0ms)
			AwakeInstancesAfterBackupRestoration (4ms)
Platform modules already initialized, skipping
Refreshing native plugins compatible for Editor in 1.45 ms, found 2 plugins.
Preloading 0 native plugins for Editor in 0.00 ms.
Unloading 2241 Unused Serialized files (Serialized files now loaded: 0)
System memory in use before: 242.4 MB.
System memory in use after: 241.0 MB.

Unloading 38 unused Assets to reduce memory usage. Loaded Objects now: 2783.
Total: 3.455300 ms (FindLiveObjects: 0.173500 ms CreateObjectMapping: 0.042400 ms MarkObjects: 2.402600 ms  DeleteObjects: 0.835900 ms)

AssetImportParameters requested are different than current active one (requested -> active):
  custom:framework-win-MediaFoundation: 216162199b28c13a410421893ffa2e32 -> 
  custom:video-decoder-ogg-theora: a1e56fd34408186e4bbccfd4996cb3dc -> 
  custom:container-muxer-webm: aa71ff27fc2769a1b78a27578f13a17b -> 
  custom:container-demuxer-webm: 4f35f7cbe854078d1ac9338744f61a02 -> 
  custom:container-demuxer-ogg: 62fdf1f143b41e24485cea50d1cbac27 -> 
  custom:video-encoder-webm-vp8: eb34c28f22e8b96e1ab97ce403110664 -> 
  custom:video-decoder-webm-vp8: 9c59270c3fd7afecdb556c50c9e8de78 -> 
  custom:audio-decoder-ogg-vorbis: bf7c407c2cedff20999df2af8eb42d56 -> 
  custom:audio-encoder-webm-vorbis: bf7c407c2cedff20999df2af8eb42d56 -> 
========================================================================
Received Prepare
Registering precompiled user dll's ...
Registered in 0.003589 seconds.
Begin MonoManager ReloadAssembly
Native extension for WindowsStandalone target not found
Native extension for WebGL target not found
Refreshing native plugins compatible for Editor in 1.40 ms, found 2 plugins.
Preloading 0 native plugins for Editor in 0.00 ms.
Mono: successfully reloaded assembly
- Completed reload, in  0.633 seconds
Domain Reload Profiling:
	ReloadAssembly (633ms)
		BeginReloadAssembly (92ms)
			ExecutionOrderSort (0ms)
			DisableScriptedObjects (3ms)
			BackupInstance (0ms)
			ReleaseScriptingObjects (0ms)
			CreateAndSetChildDomain (23ms)
		EndReloadAssembly (502ms)
			LoadAssemblies (56ms)
			RebuildTransferFunctionScriptingTraits (0ms)
			SetupTypeCache (158ms)
			ReleaseScriptCaches (1ms)
			RebuildScriptCaches (26ms)
			SetupLoadedEditorAssemblies (204ms)
				LogAssemblyErrors (0ms)
				InitializePlatformSupportModulesInManaged (4ms)
				SetLoadedEditorAssemblies (0ms)
				RefreshPlugins (1ms)
				BeforeProcessingInitializeOnLoad (55ms)
				ProcessInitializeOnLoadAttributes (132ms)
				ProcessInitializeOnLoadMethodAttributes (7ms)
				AfterProcessingInitializeOnLoad (5ms)
				EditorAssembliesLoaded (0ms)
			ExecutionOrderSort2 (0ms)
			AwakeInstancesAfterBackupRestoration (4ms)
Platform modules already initialized, skipping
Refreshing native plugins compatible for Editor in 1.50 ms, found 2 plugins.
Preloading 0 native plugins for Editor in 0.00 ms.
Unloading 2241 Unused Serialized files (Serialized files now loaded: 0)
System memory in use before: 242.3 MB.
System memory in use after: 241.0 MB.

Unloading 38 unused Assets to reduce memory usage. Loaded Objects now: 2785.
Total: 2.980200 ms (FindLiveObjects: 0.185400 ms CreateObjectMapping: 0.045700 ms MarkObjects: 1.953600 ms  DeleteObjects: 0.794900 ms)

AssetImportParameters requested are different than current active one (requested -> active):
  custom:framework-win-MediaFoundation: 216162199b28c13a410421893ffa2e32 -> 
  custom:video-decoder-ogg-theora: a1e56fd34408186e4bbccfd4996cb3dc -> 
  custom:container-muxer-webm: aa71ff27fc2769a1b78a27578f13a17b -> 
  custom:container-demuxer-webm: 4f35f7cbe854078d1ac9338744f61a02 -> 
  custom:container-demuxer-ogg: 62fdf1f143b41e24485cea50d1cbac27 -> 
  custom:video-encoder-webm-vp8: eb34c28f22e8b96e1ab97ce403110664 -> 
  custom:video-decoder-webm-vp8: 9c59270c3fd7afecdb556c50c9e8de78 -> 
  custom:audio-decoder-ogg-vorbis: bf7c407c2cedff20999df2af8eb42d56 -> 
  custom:audio-encoder-webm-vorbis: bf7c407c2cedff20999df2af8eb42d56 -> 
AssetImportWorkerClient::OnTransportError - code=2 error=End of file
